<?xml version="1.0" encoding="UTF-8"?>
<testsuite name="EnhancedNLPEngineTest" tests="10" skipped="0" failures="0" errors="0" timestamp="2020-11-24T11:34:28" hostname="Noahs-MacBook-Pro.local" time="1.074">
  <properties/>
  <testcase name="parseVerbSimpleWithExtraStuffAfter" classname="EnhancedNLPEngineTest" time="0.993"/>
  <testcase name="findNounsFindsUnaryDefiniteNoun" classname="EnhancedNLPEngineTest" time="0.007"/>
  <testcase name="findVerbFindsUnaryEat" classname="EnhancedNLPEngineTest" time="0.005"/>
  <testcase name="findNounsFindsUnaryNoun" classname="EnhancedNLPEngineTest" time="0.006"/>
  <testcase name="findNounsFindsTernaryNouns" classname="EnhancedNLPEngineTest" time="0.015"/>
  <testcase name="findNounsFindsTernaryDefiniteNouns" classname="EnhancedNLPEngineTest" time="0.014"/>
  <testcase name="parseNounWithDefiniteArticle" classname="EnhancedNLPEngineTest" time="0.005"/>
  <testcase name="parseVerbSimpleTwoWords" classname="EnhancedNLPEngineTest" time="0.005"/>
  <testcase name="parseNounSimpleWithExtraStuffAfter" classname="EnhancedNLPEngineTest" time="0.008"/>
  <testcase name="whenNoMatchingGameVerbThrowFailedParseException" classname="EnhancedNLPEngineTest" time="0.013"/>
  <system-out><![CDATA[Setting it up!
destroy the cave with grace
[destroy-1, the-2, cave-3, with-4, grace-5]
destroy	VB
the	DT
cave	NN
with	IN
grace	NN
open the door
[open-1, the-2, door-3]
open	VB
the	DT
door	NN
take dog
[take-1, dog-2]
take	VB
dog	NN
destroy the cave with grace
[destroy-1, the-2, cave-3, with-4, grace-5]
destroy	VB
the	DT
cave	NN
with	IN
grace	NN
eat steak
[eat-1, steak-2]
]]></system-out>
  <system-err><![CDATA[log4j:WARN No appenders could be found for logger (edu.stanford.nlp.pipeline.StanfordCoreNLP).
log4j:WARN Please initialize the log4j system properly.
log4j:WARN See http://logging.apache.org/log4j/1.2/faq.html#noconfig for more info.
VB
DT
NN
VB
DT
NN
JJ
NN
VB
DT
NN
VB
NN
VB
DT
NN
]]></system-err>
</testsuite>
