<?xml version="1.0" encoding="UTF-8"?>
<testsuite name="BasicGameEditorTest" tests="4" skipped="0" failures="0" errors="0" timestamp="2021-01-13T15:07:05" hostname="Noahs-MBP" time="1.815">
  <properties/>
  <testcase name="testValidMixedString" classname="BasicGameEditorTest" time="1.681"/>
  <testcase name="testNamesPlainString" classname="BasicGameEditorTest" time="0.043"/>
  <testcase name="testNamesMixedString" classname="BasicGameEditorTest" time="0.017"/>
  <testcase name="testAdjMixedString" classname="BasicGameEditorTest" time="0.073"/>
  <system-out><![CDATA[]]></system-out>
  <system-err><![CDATA[]]></system-err>
</testsuite>
