<?xml version="1.0" encoding="UTF-8"?>
<testsuite name="EnhancedNLPEngineTest" tests="17" skipped="0" failures="0" errors="0" timestamp="2021-01-13T15:07:11" hostname="Noahs-MBP" time="1.043">
  <properties/>
  <testcase name="findNounsFindsUnarySingleAdjective" classname="EnhancedNLPEngineTest" time="0.977"/>
  <testcase name="parseVerbSimpleWithExtraStuffAfter" classname="EnhancedNLPEngineTest" time="0.004"/>
  <testcase name="findNounsFindsTernarySingleAdjective" classname="EnhancedNLPEngineTest" time="0.016"/>
  <testcase name="findNounsFindsUnaryDefiniteNoun" classname="EnhancedNLPEngineTest" time="0.002"/>
  <testcase name="findVerbFindsUnaryEat" classname="EnhancedNLPEngineTest" time="0.003"/>
  <testcase name="findNounsFindsTernaryMultipleAdjectives" classname="EnhancedNLPEngineTest" time="0.017"/>
  <testcase name="findMatchingGameItemNamesFailsTooManyAdjectives" classname="EnhancedNLPEngineTest" time="0.003"/>
  <testcase name="findMatchingGameItemNamesFailsWrongNoun" classname="EnhancedNLPEngineTest" time="0.001"/>
  <testcase name="findNounsFindsUnaryNoun" classname="EnhancedNLPEngineTest" time="0.002"/>
  <testcase name="findNounsFindsTernaryNouns" classname="EnhancedNLPEngineTest" time="0.003"/>
  <testcase name="findNounsFindsUnaryMultipleAdjectives" classname="EnhancedNLPEngineTest" time="0.002"/>
  <testcase name="findNounsFindsTernaryDefiniteNouns" classname="EnhancedNLPEngineTest" time="0.004"/>
  <testcase name="parseNounWithDefiniteArticle" classname="EnhancedNLPEngineTest" time="0.002"/>
  <testcase name="parseVerbSimpleTwoWords" classname="EnhancedNLPEngineTest" time="0.002"/>
  <testcase name="findMatchingGameItemNamesNoSynonyms" classname="EnhancedNLPEngineTest" time="0.0"/>
  <testcase name="parseNounSimpleWithExtraStuffAfter" classname="EnhancedNLPEngineTest" time="0.002"/>
  <testcase name="whenNoMatchingGameVerbThrowFailedParseException" classname="EnhancedNLPEngineTest" time="0.001"/>
  <system-out><![CDATA[Setting it up!
destroy	VB
the	DT
cave	NN
with	IN
grace	NN
open	VB
the	DT
door	NN
with	IN
grace	NN
take	VB
the	DT
dog	NN
with	IN
grace	NN
destroy	VB
the	DT
cave	NN
with	IN
grace	NN
]]></system-out>
  <system-err><![CDATA[log4j:WARN No appenders could be found for logger (edu.stanford.nlp.pipeline.StanfordCoreNLP).
log4j:WARN Please initialize the log4j system properly.
log4j:WARN See http://logging.apache.org/log4j/1.2/faq.html#noconfig for more info.
VB
DT
JJ
NN
VB
DT
NN
VB
DT
NN
JJ
NN
VB
DT
JJ
CC
JJ
NN
VB
DT
NN
VB
DT
NN
VB
DT
NN
]]></system-err>
</testsuite>
