<?xml version="1.0" encoding="UTF-8"?>
<testsuite name="EnhancedNLPEngineTest" tests="19" skipped="0" failures="0" errors="0" timestamp="2021-02-04T21:53:18" hostname="Noahs-MacBook-Pro.local" time="0.948">
  <properties/>
  <testcase name="findNounsFindsUnarySingleAdjective" classname="EnhancedNLPEngineTest" time="0.045"/>
  <testcase name="parseVerbSimpleWithExtraStuffAfter" classname="EnhancedNLPEngineTest" time="0.075"/>
  <testcase name="parsePutSpaceNoun" classname="EnhancedNLPEngineTest" time="0.22"/>
  <testcase name="findNounsFindsTernarySingleAdjective" classname="EnhancedNLPEngineTest" time="0.077"/>
  <testcase name="findNounsFindsUnaryDefiniteNoun" classname="EnhancedNLPEngineTest" time="0.025"/>
  <testcase name="findVerbFindsUnaryEat" classname="EnhancedNLPEngineTest" time="0.029"/>
  <testcase name="findNounsFindsTernaryMultipleAdjectives" classname="EnhancedNLPEngineTest" time="0.094"/>
  <testcase name="findMatchingGameItemNamesFailsTooManyAdjectives" classname="EnhancedNLPEngineTest" time="0.011"/>
  <testcase name="findMatchingGameItemNamesFailsWrongNoun" classname="EnhancedNLPEngineTest" time="0.001"/>
  <testcase name="findNounsFindsUnaryNoun" classname="EnhancedNLPEngineTest" time="0.013"/>
  <testcase name="findNounsFindsTernaryNouns" classname="EnhancedNLPEngineTest" time="0.031"/>
  <testcase name="parseListenToRegex" classname="EnhancedNLPEngineTest" time="0.034"/>
  <testcase name="findNounsFindsUnaryMultipleAdjectives" classname="EnhancedNLPEngineTest" time="0.055"/>
  <testcase name="findNounsFindsTernaryDefiniteNouns" classname="EnhancedNLPEngineTest" time="0.045"/>
  <testcase name="parseNounWithDefiniteArticle" classname="EnhancedNLPEngineTest" time="0.051"/>
  <testcase name="parseVerbSimpleTwoWords" classname="EnhancedNLPEngineTest" time="0.041"/>
  <testcase name="findMatchingGameItemNamesNoSynonyms" classname="EnhancedNLPEngineTest" time="0.0"/>
  <testcase name="parseNounSimpleWithExtraStuffAfter" classname="EnhancedNLPEngineTest" time="0.069"/>
  <testcase name="whenNoMatchingGameVerbThrowFailedParseException" classname="EnhancedNLPEngineTest" time="0.029"/>
  <system-out><![CDATA[Setting it up!
2147483648
2147483648
open	VB
the	DT
door	NN
with	IN
grace	NN
{}
2147483648
2147483648
destroy	VB
the	DT
cave	NN
with	IN
grace	NN
{}
2147483648
2147483648
2147483648
2147483648
put	VB
the	DT
pen	NN
in	IN
the	DT
box	NN
{}
2147483648
2147483648
listen	VB
to	IN
the	DT
dog	NN
{}
2147483648
2147483648
open	VB
the	DT
door	NN
with	IN
grace	NN
{}
2147483648
2147483648
take	VB
the	DT
dog	NN
with	IN
grace	NN
{}
2147483648
2147483648
destroy	VB
the	DT
cave	NN
with	IN
grace	NN
{}
2147483648
2147483648
]]></system-out>
  <system-err><![CDATA[log4j:WARN No appenders could be found for logger (edu.stanford.nlp.pipeline.StanfordCoreNLP).
log4j:WARN Please initialize the log4j system properly.
log4j:WARN See http://logging.apache.org/log4j/1.2/faq.html#noconfig for more info.
VB
DT
NN
VB
DT
JJ
NN
VB
DT
NN
ANTLR Tool version 4.9 used for code generation does not match the current runtime version 4.8ANTLR Tool version 4.9 used for code generation does not match the current runtime version 4.8VB
DT
NN
JJ
NN
VB
DT
JJ
CC
JJ
NN
VB
DT
NN
VB
DT
NN
VB
DT
NN
]]></system-err>
</testsuite>
