<?xml version="1.0" encoding="UTF-8"?>
<testsuite name="BasicGameEditorTest" tests="4" skipped="0" failures="0" errors="0" timestamp="2021-02-10T20:49:37" hostname="Noahs-MacBook-Pro.local" time="2.92">
  <properties/>
  <testcase name="testValidMixedString" classname="BasicGameEditorTest" time="2.681"/>
  <testcase name="testNamesPlainString" classname="BasicGameEditorTest" time="0.079"/>
  <testcase name="testNamesMixedString" classname="BasicGameEditorTest" time="0.031"/>
  <testcase name="testAdjMixedString" classname="BasicGameEditorTest" time="0.127"/>
  <system-out><![CDATA[]]></system-out>
  <system-err><![CDATA[]]></system-err>
</testsuite>
