<?xml version="1.0" encoding="UTF-8"?>
<testsuite name="BasicGameEditorTest" tests="4" skipped="0" failures="0" errors="0" timestamp="2021-01-20T12:45:20" hostname="Noahs-MacBook-Pro.local" time="2.144">
  <properties/>
  <testcase name="testValidMixedString" classname="BasicGameEditorTest" time="1.988"/>
  <testcase name="testNamesPlainString" classname="BasicGameEditorTest" time="0.049"/>
  <testcase name="testNamesMixedString" classname="BasicGameEditorTest" time="0.079"/>
  <testcase name="testAdjMixedString" classname="BasicGameEditorTest" time="0.027"/>
  <system-out><![CDATA[]]></system-out>
  <system-err><![CDATA[]]></system-err>
</testsuite>
