<?xml version="1.0" encoding="UTF-8"?>
<testsuite name="BasicGameEditorTest" tests="4" skipped="0" failures="0" errors="0" timestamp="2021-02-22T21:36:22" hostname="Noahs-MacBook-Pro.local" time="1.829">
  <properties/>
  <testcase name="testValidMixedString" classname="BasicGameEditorTest" time="1.67"/>
  <testcase name="testNamesPlainString" classname="BasicGameEditorTest" time="0.051"/>
  <testcase name="testNamesMixedString" classname="BasicGameEditorTest" time="0.079"/>
  <testcase name="testAdjMixedString" classname="BasicGameEditorTest" time="0.029"/>
  <system-out><![CDATA[]]></system-out>
  <system-err><![CDATA[]]></system-err>
</testsuite>
