<?xml version="1.0" encoding="UTF-8"?>
<testsuite name="EnhancedGameEngineTest" tests="23" skipped="0" failures="0" errors="0" timestamp="2021-01-13T15:07:11" hostname="Noahs-MBP" time="0.106">
  <properties/>
  <testcase name="randomListProgressStoryTwoRoomsTwoActions" classname="EnhancedGameEngineTest" time="0.011"/>
  <testcase name="puttingThirdItemNoDesignTooBigInternalVolume" classname="EnhancedGameEngineTest" time="0.009"/>
  <testcase name="puttingSecondItemNoDesignAppleIsContained" classname="EnhancedGameEngineTest" time="0.004"/>
  <testcase name="puttingSecondItemNoDesignInternalVolume" classname="EnhancedGameEngineTest" time="0.005"/>
  <testcase name="validateConditionAfterProgressStory" classname="EnhancedGameEngineTest" time="0.002"/>
  <testcase name="puttingSecondItemNoDesignMessage" classname="EnhancedGameEngineTest" time="0.004"/>
  <testcase name="puttingThirdItemNoDesignTooBigContains" classname="EnhancedGameEngineTest" time="0.005"/>
  <testcase name="puttingThirdItemNoDesignTooBigMessage" classname="EnhancedGameEngineTest" time="0.005"/>
  <testcase name="puttingNoDesignIsContained" classname="EnhancedGameEngineTest" time="0.004"/>
  <testcase name="puttingThirdItemNoDesignTooBigIsContained" classname="EnhancedGameEngineTest" time="0.004"/>
  <testcase name="puttingSecondItemNoDesignContains" classname="EnhancedGameEngineTest" time="0.005"/>
  <testcase name="puttingNoDesignInternalVolume" classname="EnhancedGameEngineTest" time="0.005"/>
  <testcase name="messagesProgressStoryTwoRoomsTwoActions" classname="EnhancedGameEngineTest" time="0.004"/>
  <testcase name="puttingRemovingNoDesignCondition" classname="EnhancedGameEngineTest" time="0.004"/>
  <testcase name="numberListProgressStoryTwoRoomsTwoActions" classname="EnhancedGameEngineTest" time="0.005"/>
  <testcase name="puttingContainedItemNoDesignMessage" classname="EnhancedGameEngineTest" time="0.006"/>
  <testcase name="messageAfterProgressStory" classname="EnhancedGameEngineTest" time="0.002"/>
  <testcase name="possibleItemNamesWorks" classname="EnhancedGameEngineTest" time="0.001"/>
  <testcase name="puttingNoDesignItemInContains" classname="EnhancedGameEngineTest" time="0.004"/>
  <testcase name="puttingRemovingNoDesignMessage" classname="EnhancedGameEngineTest" time="0.003"/>
  <testcase name="numActionsProgressStoryTwoRoomsTwoActions" classname="EnhancedGameEngineTest" time="0.003"/>
  <testcase name="removingNoDesignMessage" classname="EnhancedGameEngineTest" time="0.003"/>
  <testcase name="puttingNoDesignMessage" classname="EnhancedGameEngineTest" time="0.002"/>
  <system-out><![CDATA[]]></system-out>
  <system-err><![CDATA[]]></system-err>
</testsuite>
