<?xml version="1.0" encoding="UTF-8"?>
<testsuite name="BasicGameEngineTest" tests="5" skipped="0" failures="0" errors="0" timestamp="2021-02-12T10:14:26" hostname="Noahs-MacBook-Pro.local" time="0.013">
  <properties/>
  <testcase name="validatePreconditionAfterProgressStory" classname="BasicGameEngineTest" time="0.009"/>
  <testcase name="globalStateProgressStoryTwoRoomsTwoActions" classname="BasicGameEngineTest" time="0.001"/>
  <testcase name="messagesProgressStoryTwoRoomsTwoActions" classname="BasicGameEngineTest" time="0.001"/>
  <testcase name="messageAfterProgressStory" classname="BasicGameEngineTest" time="0.001"/>
  <testcase name="possibleItemNamesWorks" classname="BasicGameEngineTest" time="0.001"/>
  <system-out><![CDATA[]]></system-out>
  <system-err><![CDATA[]]></system-err>
</testsuite>
