<?xml version="1.0" encoding="UTF-8"?>
<testsuite name="BasicGameEditorTest" tests="4" skipped="0" failures="0" errors="0" timestamp="2021-02-12T10:14:23" hostname="Noahs-MacBook-Pro.local" time="3.109">
  <properties/>
  <testcase name="testValidMixedString" classname="BasicGameEditorTest" time="2.941"/>
  <testcase name="testNamesPlainString" classname="BasicGameEditorTest" time="0.065"/>
  <testcase name="testNamesMixedString" classname="BasicGameEditorTest" time="0.058"/>
  <testcase name="testAdjMixedString" classname="BasicGameEditorTest" time="0.045"/>
  <system-out><![CDATA[]]></system-out>
  <system-err><![CDATA[]]></system-err>
</testsuite>
