<?xml version="1.0" encoding="UTF-8"?>
<testsuite name="BasicNLPEngineTest" tests="21" skipped="0" failures="0" errors="0" timestamp="2021-02-12T10:14:26" hostname="Noahs-MacBook-Pro.local" time="6.879">
  <properties/>
  <testcase name="findNounsFindsUnarySingleAdjective" classname="BasicNLPEngineTest" time="0.799"/>
  <testcase name="parseVerbSimpleWithExtraStuffAfter" classname="BasicNLPEngineTest" time="0.488"/>
  <testcase name="parseItOtherActionSucceeds" classname="BasicNLPEngineTest" time="0.431"/>
  <testcase name="parsePutSpaceNoun" classname="BasicNLPEngineTest" time="0.624"/>
  <testcase name="findNounsFindsTernarySingleAdjective" classname="BasicNLPEngineTest" time="0.409"/>
  <testcase name="findNounsFindsUnaryDefiniteNoun" classname="BasicNLPEngineTest" time="0.194"/>
  <testcase name="findVerbFindsUnaryEat" classname="BasicNLPEngineTest" time="0.21"/>
  <testcase name="findNounsFindsTernaryMultipleAdjectives" classname="BasicNLPEngineTest" time="0.446"/>
  <testcase name="findMatchingGameItemNamesFailsTooManyAdjectives" classname="BasicNLPEngineTest" time="0.004"/>
  <testcase name="findMatchingGameItemNamesFailsWrongNoun" classname="BasicNLPEngineTest" time="0.001"/>
  <testcase name="findNounsFindsUnaryNoun" classname="BasicNLPEngineTest" time="0.22"/>
  <testcase name="findNounsWithNoValidNounFails" classname="BasicNLPEngineTest" time="0.209"/>
  <testcase name="findNounsFindsTernaryNouns" classname="BasicNLPEngineTest" time="0.453"/>
  <testcase name="parseListenToRegex" classname="BasicNLPEngineTest" time="0.408"/>
  <testcase name="findNounsFindsUnaryMultipleAdjectives" classname="BasicNLPEngineTest" time="0.196"/>
  <testcase name="findNounsFindsTernaryDefiniteNouns" classname="BasicNLPEngineTest" time="0.398"/>
  <testcase name="parseNounWithDefiniteArticle" classname="BasicNLPEngineTest" time="0.39"/>
  <testcase name="parseVerbSimpleTwoWords" classname="BasicNLPEngineTest" time="0.401"/>
  <testcase name="findMatchingGameItemNamesNoSynonyms" classname="BasicNLPEngineTest" time="0.001"/>
  <testcase name="parseNounSimpleWithExtraStuffAfter" classname="BasicNLPEngineTest" time="0.398"/>
  <testcase name="whenNoMatchingGameVerbThrowFailedParseException" classname="BasicNLPEngineTest" time="0.196"/>
  <system-out><![CDATA[442499072
2147483648
]]></system-out>
  <system-err><![CDATA[]]></system-err>
</testsuite>
