<?xml version="1.0" encoding="UTF-8"?>
<testsuite name="BasicGameEditorTest" tests="4" skipped="0" failures="0" errors="0" timestamp="2021-02-16T14:52:58" hostname="Noahs-MacBook-Pro.local" time="1.874">
  <properties/>
  <testcase name="testValidMixedString" classname="BasicGameEditorTest" time="1.678"/>
  <testcase name="testNamesPlainString" classname="BasicGameEditorTest" time="0.06"/>
  <testcase name="testNamesMixedString" classname="BasicGameEditorTest" time="0.026"/>
  <testcase name="testAdjMixedString" classname="BasicGameEditorTest" time="0.109"/>
  <system-out><![CDATA[]]></system-out>
  <system-err><![CDATA[]]></system-err>
</testsuite>
