<?xml version="1.0" encoding="UTF-8"?>
<testsuite name="BasicGameEditorTest" tests="4" skipped="0" failures="0" errors="0" timestamp="2021-01-31T10:07:19" hostname="Noahs-MacBook-Pro.local" time="2.282">
  <properties/>
  <testcase name="testValidMixedString" classname="BasicGameEditorTest" time="2.138"/>
  <testcase name="testNamesPlainString" classname="BasicGameEditorTest" time="0.052"/>
  <testcase name="testNamesMixedString" classname="BasicGameEditorTest" time="0.073"/>
  <testcase name="testAdjMixedString" classname="BasicGameEditorTest" time="0.018"/>
  <system-out><![CDATA[]]></system-out>
  <system-err><![CDATA[]]></system-err>
</testsuite>
