<?xml version="1.0" encoding="UTF-8"?>
<testsuite name="BasicNLPEngineTest" tests="23" skipped="0" failures="0" errors="0" timestamp="2021-02-10T12:11:15" hostname="Noahs-MacBook-Pro.local" time="8.612">
  <properties/>
  <testcase name="findNounsFindsUnarySingleAdjective" classname="BasicNLPEngineTest" time="0.696"/>
  <testcase name="parseVerbSimpleWithExtraStuffAfter" classname="BasicNLPEngineTest" time="0.525"/>
  <testcase name="parseItDogSucceeds" classname="BasicNLPEngineTest" time="0.532"/>
  <testcase name="parseItOtherActionSucceeds" classname="BasicNLPEngineTest" time="0.495"/>
  <testcase name="parsePutSpaceNoun" classname="BasicNLPEngineTest" time="0.706"/>
  <testcase name="findNounsFindsTernarySingleAdjective" classname="BasicNLPEngineTest" time="0.461"/>
  <testcase name="parseItActionVerb" classname="BasicNLPEngineTest" time="0.44"/>
  <testcase name="findNounsFindsUnaryDefiniteNoun" classname="BasicNLPEngineTest" time="0.234"/>
  <testcase name="findVerbFindsUnaryEat" classname="BasicNLPEngineTest" time="0.219"/>
  <testcase name="findNounsFindsTernaryMultipleAdjectives" classname="BasicNLPEngineTest" time="0.448"/>
  <testcase name="findMatchingGameItemNamesFailsTooManyAdjectives" classname="BasicNLPEngineTest" time="0.003"/>
  <testcase name="findMatchingGameItemNamesFailsWrongNoun" classname="BasicNLPEngineTest" time="0.0"/>
  <testcase name="findNounsFindsUnaryNoun" classname="BasicNLPEngineTest" time="0.225"/>
  <testcase name="findNounsWithNoValidNounFails" classname="BasicNLPEngineTest" time="0.214"/>
  <testcase name="findNounsFindsTernaryNouns" classname="BasicNLPEngineTest" time="0.487"/>
  <testcase name="parseListenToRegex" classname="BasicNLPEngineTest" time="0.506"/>
  <testcase name="findNounsFindsUnaryMultipleAdjectives" classname="BasicNLPEngineTest" time="0.239"/>
  <testcase name="findNounsFindsTernaryDefiniteNouns" classname="BasicNLPEngineTest" time="0.445"/>
  <testcase name="parseNounWithDefiniteArticle" classname="BasicNLPEngineTest" time="0.462"/>
  <testcase name="parseVerbSimpleTwoWords" classname="BasicNLPEngineTest" time="0.444"/>
  <testcase name="findMatchingGameItemNamesNoSynonyms" classname="BasicNLPEngineTest" time="0.0"/>
  <testcase name="parseNounSimpleWithExtraStuffAfter" classname="BasicNLPEngineTest" time="0.524"/>
  <testcase name="whenNoMatchingGameVerbThrowFailedParseException" classname="BasicNLPEngineTest" time="0.301"/>
  <system-out><![CDATA[386924544
2147483648
]]></system-out>
  <system-err><![CDATA[]]></system-err>
</testsuite>
