<?xml version="1.0" encoding="UTF-8"?>
<testsuite name="EnhancedGameEngineTest" tests="10" skipped="0" failures="1" errors="0" timestamp="2021-01-12T15:43:14" hostname="Noahs-MacBook-Pro.local" time="0.179">
  <properties/>
  <testcase name="randomListProgressStoryTwoRoomsTwoActions" classname="EnhancedGameEngineTest" time="0.115"/>
  <testcase name="validateConditionAfterProgressStory" classname="EnhancedGameEngineTest" time="0.006"/>
  <testcase name="puttingNoDesignIsContained" classname="EnhancedGameEngineTest" time="0.008"/>
  <testcase name="messagesProgressStoryTwoRoomsTwoActions" classname="EnhancedGameEngineTest" time="0.008"/>
  <testcase name="numberListProgressStoryTwoRoomsTwoActions" classname="EnhancedGameEngineTest" time="0.009"/>
  <testcase name="messageAfterProgressStory" classname="EnhancedGameEngineTest" time="0.008"/>
  <testcase name="possibleItemNamesWorks" classname="EnhancedGameEngineTest" time="0.005"/>
  <testcase name="puttingNoDesignItemInContains" classname="EnhancedGameEngineTest" time="0.006"/>
  <testcase name="numActionsProgressStoryTwoRoomsTwoActions" classname="EnhancedGameEngineTest" time="0.006"/>
  <testcase name="puttingNoDesignMessage" classname="EnhancedGameEngineTest" time="0.006">
    <failure message="org.junit.ComparisonFailure: expected:&lt;You p[en in the] small box. Nothing ...&gt; but was:&lt;You p[ut the smaller pen in] small box. Nothing ...&gt;" type="org.junit.ComparisonFailure">org.junit.ComparisonFailure: expected:&lt;You p[en in the] small box. Nothing ...&gt; but was:&lt;You p[ut the smaller pen in] small box. Nothing ...&gt;
	at org.junit.Assert.assertEquals(Assert.java:115)
	at org.junit.Assert.assertEquals(Assert.java:144)
	at EnhancedGameEngineTest.puttingNoDesignMessage(EnhancedGameEngineTest.java:216)
	at java.base/jdk.internal.reflect.NativeMethodAccessorImpl.invoke0(Native Method)
	at java.base/jdk.internal.reflect.NativeMethodAccessorImpl.invoke(NativeMethodAccessorImpl.java:62)
	at java.base/jdk.internal.reflect.DelegatingMethodAccessorImpl.invoke(DelegatingMethodAccessorImpl.java:43)
	at java.base/java.lang.reflect.Method.invoke(Method.java:566)
	at org.junit.runners.model.FrameworkMethod$1.runReflectiveCall(FrameworkMethod.java:50)
	at org.junit.internal.runners.model.ReflectiveCallable.run(ReflectiveCallable.java:12)
	at org.junit.runners.model.FrameworkMethod.invokeExplosively(FrameworkMethod.java:47)
	at org.junit.internal.runners.statements.InvokeMethod.evaluate(InvokeMethod.java:17)
	at org.junit.runners.ParentRunner.runLeaf(ParentRunner.java:325)
	at org.junit.runners.BlockJUnit4ClassRunner.runChild(BlockJUnit4ClassRunner.java:78)
	at org.junit.runners.BlockJUnit4ClassRunner.runChild(BlockJUnit4ClassRunner.java:57)
	at org.junit.runners.ParentRunner$3.run(ParentRunner.java:290)
	at org.junit.runners.ParentRunner$1.schedule(ParentRunner.java:71)
	at org.junit.runners.ParentRunner.runChildren(ParentRunner.java:288)
	at org.junit.runners.ParentRunner.access$000(ParentRunner.java:58)
	at org.junit.runners.ParentRunner$2.evaluate(ParentRunner.java:268)
	at org.junit.runners.ParentRunner.run(ParentRunner.java:363)
	at org.gradle.api.internal.tasks.testing.junit.JUnitTestClassExecutor.runTestClass(JUnitTestClassExecutor.java:110)
	at org.gradle.api.internal.tasks.testing.junit.JUnitTestClassExecutor.execute(JUnitTestClassExecutor.java:58)
	at org.gradle.api.internal.tasks.testing.junit.JUnitTestClassExecutor.execute(JUnitTestClassExecutor.java:38)
	at org.gradle.api.internal.tasks.testing.junit.AbstractJUnitTestClassProcessor.processTestClass(AbstractJUnitTestClassProcessor.java:62)
	at org.gradle.api.internal.tasks.testing.SuiteTestClassProcessor.processTestClass(SuiteTestClassProcessor.java:51)
	at java.base/jdk.internal.reflect.NativeMethodAccessorImpl.invoke0(Native Method)
	at java.base/jdk.internal.reflect.NativeMethodAccessorImpl.invoke(NativeMethodAccessorImpl.java:62)
	at java.base/jdk.internal.reflect.DelegatingMethodAccessorImpl.invoke(DelegatingMethodAccessorImpl.java:43)
	at java.base/java.lang.reflect.Method.invoke(Method.java:566)
	at org.gradle.internal.dispatch.ReflectionDispatch.dispatch(ReflectionDispatch.java:35)
	at org.gradle.internal.dispatch.ReflectionDispatch.dispatch(ReflectionDispatch.java:24)
	at org.gradle.internal.dispatch.ContextClassLoaderDispatch.dispatch(ContextClassLoaderDispatch.java:32)
	at org.gradle.internal.dispatch.ProxyDispatchAdapter$DispatchingInvocationHandler.invoke(ProxyDispatchAdapter.java:93)
	at com.sun.proxy.$Proxy2.processTestClass(Unknown Source)
	at org.gradle.api.internal.tasks.testing.worker.TestWorker.processTestClass(TestWorker.java:118)
	at java.base/jdk.internal.reflect.NativeMethodAccessorImpl.invoke0(Native Method)
	at java.base/jdk.internal.reflect.NativeMethodAccessorImpl.invoke(NativeMethodAccessorImpl.java:62)
	at java.base/jdk.internal.reflect.DelegatingMethodAccessorImpl.invoke(DelegatingMethodAccessorImpl.java:43)
	at java.base/java.lang.reflect.Method.invoke(Method.java:566)
	at org.gradle.internal.dispatch.ReflectionDispatch.dispatch(ReflectionDispatch.java:35)
	at org.gradle.internal.dispatch.ReflectionDispatch.dispatch(ReflectionDispatch.java:24)
	at org.gradle.internal.remote.internal.hub.MessageHubBackedObjectConnection$DispatchWrapper.dispatch(MessageHubBackedObjectConnection.java:175)
	at org.gradle.internal.remote.internal.hub.MessageHubBackedObjectConnection$DispatchWrapper.dispatch(MessageHubBackedObjectConnection.java:157)
	at org.gradle.internal.remote.internal.hub.MessageHub$Handler.run(MessageHub.java:404)
	at org.gradle.internal.concurrent.ExecutorPolicy$CatchAndRecordFailures.onExecute(ExecutorPolicy.java:63)
	at org.gradle.internal.concurrent.ManagedExecutorImpl$1.run(ManagedExecutorImpl.java:46)
	at java.base/java.util.concurrent.ThreadPoolExecutor.runWorker(ThreadPoolExecutor.java:1128)
	at java.base/java.util.concurrent.ThreadPoolExecutor$Worker.run(ThreadPoolExecutor.java:628)
	at org.gradle.internal.concurrent.ThreadFactoryImpl$ManagedThreadRunnable.run(ThreadFactoryImpl.java:55)
	at java.base/java.lang.Thread.run(Thread.java:834)
</failure>
  </testcase>
  <system-out><![CDATA[world::room = "place1"                                                 -> true | world::room = "room2"                                                  -> true | world::randomList IS ["banana"]                                        -> true | world::room = "place1"                                                 -> true | world::randomState = "very-good" AND world::room="place1"              -> true | ActionFormat{verb='put', regExpr='put ([\w\s]+) in ([\w\s]+)$'}
small-box::isContainer                                                 -> true | pen::volume <= small-box::internalVolume                               -> true | pen::isContained                                                       -> true | world::room = "place1"                                                 -> true | world::room = "room2"                                                  -> true | world::room = "place1"                                                 -> true | world::room = "room2"                                                  -> true | world::numberList IS [3.14, 1.0]                                       -> true | world::room = "place1"                                                 -> true | ActionFormat{verb='put', regExpr='put ([\w\s]+) in ([\w\s]+)$'}
small-box::isContainer                                                 -> true | pen::volume <= small-box::internalVolume                               -> true | "pen" IN small-box::contains                                           -> true | world::room = "place1"                                                 -> true | world::room = "room2"                                                  -> true | world::numActions = 1                                                  -> true | small-box::isContainer                                                 -> true | pen::volume <= small-box::internalVolume                               -> true | ]]></system-out>
  <system-err><![CDATA[ANTLR Tool version 4.9 used for code generation does not match the current runtime version 4.8ANTLR Tool version 4.9 used for code generation does not match the current runtime version 4.8ANTLR Tool version 4.9 used for code generation does not match the current runtime version 4.8ANTLR Tool version 4.9 used for code generation does not match the current runtime version 4.8]]></system-err>
</testsuite>
