<?xml version="1.0" encoding="UTF-8"?>
<testsuite name="BasicGameEditorTest" tests="4" skipped="0" failures="0" errors="0" timestamp="2021-01-21T12:23:23" hostname="Noahs-MacBook-Pro.local" time="2.737">
  <properties/>
  <testcase name="testValidMixedString" classname="BasicGameEditorTest" time="2.541"/>
  <testcase name="testNamesPlainString" classname="BasicGameEditorTest" time="0.079"/>
  <testcase name="testNamesMixedString" classname="BasicGameEditorTest" time="0.023"/>
  <testcase name="testAdjMixedString" classname="BasicGameEditorTest" time="0.094"/>
  <system-out><![CDATA[]]></system-out>
  <system-err><![CDATA[]]></system-err>
</testsuite>
