<?xml version="1.0" encoding="UTF-8"?>
<testsuite name="BasicNLPEngineTest" tests="23" skipped="0" failures="0" errors="0" timestamp="2021-02-09T16:53:30" hostname="Noahs-MacBook-Pro.local" time="8.137">
  <properties/>
  <testcase name="findNounsFindsUnarySingleAdjective" classname="BasicNLPEngineTest" time="0.689"/>
  <testcase name="parseVerbSimpleWithExtraStuffAfter" classname="BasicNLPEngineTest" time="0.467"/>
  <testcase name="parseItDogSucceeds" classname="BasicNLPEngineTest" time="0.467"/>
  <testcase name="parseItOtherActionSucceeds" classname="BasicNLPEngineTest" time="0.501"/>
  <testcase name="parsePutSpaceNoun" classname="BasicNLPEngineTest" time="0.936"/>
  <testcase name="findNounsFindsTernarySingleAdjective" classname="BasicNLPEngineTest" time="0.419"/>
  <testcase name="parseItActionVerb" classname="BasicNLPEngineTest" time="0.411"/>
  <testcase name="findNounsFindsUnaryDefiniteNoun" classname="BasicNLPEngineTest" time="0.207"/>
  <testcase name="findVerbFindsUnaryEat" classname="BasicNLPEngineTest" time="0.206"/>
  <testcase name="findNounsFindsTernaryMultipleAdjectives" classname="BasicNLPEngineTest" time="0.47"/>
  <testcase name="findMatchingGameItemNamesFailsTooManyAdjectives" classname="BasicNLPEngineTest" time="0.012"/>
  <testcase name="findMatchingGameItemNamesFailsWrongNoun" classname="BasicNLPEngineTest" time="0.001"/>
  <testcase name="findNounsFindsUnaryNoun" classname="BasicNLPEngineTest" time="0.226"/>
  <testcase name="findNounsWithNoValidNounFails" classname="BasicNLPEngineTest" time="0.227"/>
  <testcase name="findNounsFindsTernaryNouns" classname="BasicNLPEngineTest" time="0.435"/>
  <testcase name="parseListenToRegex" classname="BasicNLPEngineTest" time="0.414"/>
  <testcase name="findNounsFindsUnaryMultipleAdjectives" classname="BasicNLPEngineTest" time="0.197"/>
  <testcase name="findNounsFindsTernaryDefiniteNouns" classname="BasicNLPEngineTest" time="0.39"/>
  <testcase name="parseNounWithDefiniteArticle" classname="BasicNLPEngineTest" time="0.42"/>
  <testcase name="parseVerbSimpleTwoWords" classname="BasicNLPEngineTest" time="0.41"/>
  <testcase name="findMatchingGameItemNamesNoSynonyms" classname="BasicNLPEngineTest" time="0.0"/>
  <testcase name="parseNounSimpleWithExtraStuffAfter" classname="BasicNLPEngineTest" time="0.406"/>
  <testcase name="whenNoMatchingGameVerbThrowFailedParseException" classname="BasicNLPEngineTest" time="0.221"/>
  <system-out><![CDATA[393216000
2147483648
]]></system-out>
  <system-err><![CDATA[ANTLR Tool version 4.9 used for code generation does not match the current runtime version 4.8ANTLR Tool version 4.9 used for code generation does not match the current runtime version 4.8]]></system-err>
</testsuite>
