<?xml version="1.0" encoding="UTF-8"?>
<testsuite name="KnowledgeRegexTest" tests="22" skipped="0" failures="0" errors="0" timestamp="2021-02-10T12:11:15" hostname="Noahs-MacBook-Pro.local" time="0.011">
  <properties/>
  <testcase name="testKnowledgeSyntaxUnderscoreContents" classname="KnowledgeRegexTest" time="0.004"/>
  <testcase name="testFrameAndColonsDontMatchKnowledge" classname="KnowledgeRegexTest" time="0.0"/>
  <testcase name="testKnowledgeSyntaxContents" classname="KnowledgeRegexTest" time="0.001"/>
  <testcase name="testStartingDotDoesntMatch" classname="KnowledgeRegexTest" time="0.0"/>
  <testcase name="frameNameExpr" classname="KnowledgeRegexTest" time="0.0"/>
  <testcase name="testOneItemStringList" classname="KnowledgeRegexTest" time="0.0"/>
  <testcase name="testFrameMatches" classname="KnowledgeRegexTest" time="0.0"/>
  <testcase name="testEmptyStringList" classname="KnowledgeRegexTest" time="0.0"/>
  <testcase name="testKnowledgeSyntaxMatches" classname="KnowledgeRegexTest" time="0.001"/>
  <testcase name="testNumberListNoMatchDouble" classname="KnowledgeRegexTest" time="0.0"/>
  <testcase name="testThreeItemStringList" classname="KnowledgeRegexTest" time="0.0"/>
  <testcase name="testEmptyStringMatches" classname="KnowledgeRegexTest" time="0.0"/>
  <testcase name="testIntegerNumberMatches" classname="KnowledgeRegexTest" time="0.0"/>
  <testcase name="testEmptyNumberList" classname="KnowledgeRegexTest" time="0.0"/>
  <testcase name="testStringListDoesntMatchString" classname="KnowledgeRegexTest" time="0.0"/>
  <testcase name="testDecimalNumberMatches" classname="KnowledgeRegexTest" time="0.0"/>
  <testcase name="testSingleNumberList" classname="KnowledgeRegexTest" time="0.0"/>
  <testcase name="testTripleNumberList" classname="KnowledgeRegexTest" time="0.0"/>
  <testcase name="testJustFrameDoesntMatchKnowledge" classname="KnowledgeRegexTest" time="0.0"/>
  <testcase name="testStringListDoesntMatchDoubleList" classname="KnowledgeRegexTest" time="0.0"/>
  <testcase name="testKnowledgeSyntaxUnderscoreMatches" classname="KnowledgeRegexTest" time="0.001"/>
  <testcase name="testFilledStringMatches" classname="KnowledgeRegexTest" time="0.0"/>
  <system-out><![CDATA[!?([a-zA-Z0-9_]+)::([a-zA-Z0-9]+)
]]></system-out>
  <system-err><![CDATA[]]></system-err>
</testsuite>
