<?xml version="1.0" encoding="UTF-8"?>
<testsuite name="BasicGameEditorTest" tests="4" skipped="0" failures="0" errors="0" timestamp="2021-01-21T12:43:12" hostname="Noahs-MacBook-Pro.local" time="2.627">
  <properties/>
  <testcase name="testValidMixedString" classname="BasicGameEditorTest" time="2.506"/>
  <testcase name="testNamesPlainString" classname="BasicGameEditorTest" time="0.057"/>
  <testcase name="testNamesMixedString" classname="BasicGameEditorTest" time="0.039"/>
  <testcase name="testAdjMixedString" classname="BasicGameEditorTest" time="0.024"/>
  <system-out><![CDATA[]]></system-out>
  <system-err><![CDATA[]]></system-err>
</testsuite>
