<?xml version="1.0" encoding="UTF-8"?>
<testsuite name="EnhancedNLPEngineTest" tests="19" skipped="0" failures="0" errors="0" timestamp="2021-02-05T13:54:54" hostname="Noahs-MacBook-Pro.local" time="1.247">
  <properties/>
  <testcase name="findNounsFindsUnarySingleAdjective" classname="EnhancedNLPEngineTest" time="0.064"/>
  <testcase name="parseVerbSimpleWithExtraStuffAfter" classname="EnhancedNLPEngineTest" time="0.139"/>
  <testcase name="parsePutSpaceNoun" classname="EnhancedNLPEngineTest" time="0.14"/>
  <testcase name="findNounsFindsTernarySingleAdjective" classname="EnhancedNLPEngineTest" time="0.12"/>
  <testcase name="findNounsFindsUnaryDefiniteNoun" classname="EnhancedNLPEngineTest" time="0.044"/>
  <testcase name="findVerbFindsUnaryEat" classname="EnhancedNLPEngineTest" time="0.031"/>
  <testcase name="findNounsFindsTernaryMultipleAdjectives" classname="EnhancedNLPEngineTest" time="0.151"/>
  <testcase name="findMatchingGameItemNamesFailsTooManyAdjectives" classname="EnhancedNLPEngineTest" time="0.012"/>
  <testcase name="findMatchingGameItemNamesFailsWrongNoun" classname="EnhancedNLPEngineTest" time="0.001"/>
  <testcase name="findNounsFindsUnaryNoun" classname="EnhancedNLPEngineTest" time="0.028"/>
  <testcase name="findNounsFindsTernaryNouns" classname="EnhancedNLPEngineTest" time="0.054"/>
  <testcase name="parseListenToRegex" classname="EnhancedNLPEngineTest" time="0.048"/>
  <testcase name="findNounsFindsUnaryMultipleAdjectives" classname="EnhancedNLPEngineTest" time="0.094"/>
  <testcase name="findNounsFindsTernaryDefiniteNouns" classname="EnhancedNLPEngineTest" time="0.065"/>
  <testcase name="parseNounWithDefiniteArticle" classname="EnhancedNLPEngineTest" time="0.056"/>
  <testcase name="parseVerbSimpleTwoWords" classname="EnhancedNLPEngineTest" time="0.075"/>
  <testcase name="findMatchingGameItemNamesNoSynonyms" classname="EnhancedNLPEngineTest" time="0.001"/>
  <testcase name="parseNounSimpleWithExtraStuffAfter" classname="EnhancedNLPEngineTest" time="0.086"/>
  <testcase name="whenNoMatchingGameVerbThrowFailedParseException" classname="EnhancedNLPEngineTest" time="0.036"/>
  <system-out><![CDATA[Setting it up!
(ROOT (S (VP (VB open) (NP (DT the) (NN door)) (PP (IN with) (NP (NN grace))))))
open	VB
the	DT
door	NN
with	IN
grace	NN
{}
(ROOT (S (VP (VB destroy) (NP (DT the) (NN cave)) (PP (IN with) (NP (NN grace))))))
destroy	VB
the	DT
cave	NN
with	IN
grace	NN
{}
2147483648
2147483648
(ROOT (S (VP (VB put) (NP (DT the) (NN pen)) (PP (IN in) (NP (DT the) (NN box))))))
put	VB
the	DT
pen	NN
in	IN
the	DT
box	NN
{}
(ROOT (S (VP (VB listen) (PP (IN to) (NP (DT the) (NN dog))))))
listen	VB
to	IN
the	DT
dog	NN
{}
(ROOT (S (VP (VB open) (NP (DT the) (NN door)) (PP (IN with) (NP (NN grace))))))
open	VB
the	DT
door	NN
with	IN
grace	NN
{}
(ROOT (S (VP (VB take) (NP (DT the) (NN dog)) (PP (IN with) (NP (NN grace))))))
take	VB
the	DT
dog	NN
with	IN
grace	NN
{}
(ROOT (S (VP (VB destroy) (NP (DT the) (NN cave)) (PP (IN with) (NP (NN grace))))))
destroy	VB
the	DT
cave	NN
with	IN
grace	NN
{}
(ROOT (S (VP (VB eat) (NP (NN steak)))))
]]></system-out>
  <system-err><![CDATA[log4j:WARN No appenders could be found for logger (edu.stanford.nlp.pipeline.StanfordCoreNLP).
log4j:WARN Please initialize the log4j system properly.
log4j:WARN See http://logging.apache.org/log4j/1.2/faq.html#noconfig for more info.
VB
DT
NN
VB
DT
JJ
NN
VB
DT
NN
ANTLR Tool version 4.9 used for code generation does not match the current runtime version 4.8ANTLR Tool version 4.9 used for code generation does not match the current runtime version 4.8VB
DT
NN
JJ
NN
VB
DT
JJ
CC
JJ
NN
VB
DT
NN
VB
DT
NN
VB
DT
NN
]]></system-err>
</testsuite>
