<?xml version="1.0" encoding="UTF-8"?>
<testsuite name="BasicGameEditorTest" tests="4" skipped="0" failures="0" errors="0" timestamp="2021-02-11T18:39:05" hostname="Noahs-MacBook-Pro.local" time="2.286">
  <properties/>
  <testcase name="testValidMixedString" classname="BasicGameEditorTest" time="2.16"/>
  <testcase name="testNamesPlainString" classname="BasicGameEditorTest" time="0.044"/>
  <testcase name="testNamesMixedString" classname="BasicGameEditorTest" time="0.064"/>
  <testcase name="testAdjMixedString" classname="BasicGameEditorTest" time="0.018"/>
  <system-out><![CDATA[]]></system-out>
  <system-err><![CDATA[]]></system-err>
</testsuite>
