<?xml version="1.0" encoding="UTF-8"?>
<testsuite name="BasicNLPEngineTest" tests="21" skipped="0" failures="0" errors="0" timestamp="2021-02-11T18:39:07" hostname="Noahs-MacBook-Pro.local" time="6.678">
  <properties/>
  <testcase name="findNounsFindsUnarySingleAdjective" classname="BasicNLPEngineTest" time="0.593"/>
  <testcase name="parseVerbSimpleWithExtraStuffAfter" classname="BasicNLPEngineTest" time="0.472"/>
  <testcase name="parseItOtherActionSucceeds" classname="BasicNLPEngineTest" time="0.429"/>
  <testcase name="parsePutSpaceNoun" classname="BasicNLPEngineTest" time="0.666"/>
  <testcase name="findNounsFindsTernarySingleAdjective" classname="BasicNLPEngineTest" time="0.433"/>
  <testcase name="findNounsFindsUnaryDefiniteNoun" classname="BasicNLPEngineTest" time="0.212"/>
  <testcase name="findVerbFindsUnaryEat" classname="BasicNLPEngineTest" time="0.213"/>
  <testcase name="findNounsFindsTernaryMultipleAdjectives" classname="BasicNLPEngineTest" time="0.401"/>
  <testcase name="findMatchingGameItemNamesFailsTooManyAdjectives" classname="BasicNLPEngineTest" time="0.003"/>
  <testcase name="findMatchingGameItemNamesFailsWrongNoun" classname="BasicNLPEngineTest" time="0.001"/>
  <testcase name="findNounsFindsUnaryNoun" classname="BasicNLPEngineTest" time="0.205"/>
  <testcase name="findNounsWithNoValidNounFails" classname="BasicNLPEngineTest" time="0.216"/>
  <testcase name="findNounsFindsTernaryNouns" classname="BasicNLPEngineTest" time="0.396"/>
  <testcase name="parseListenToRegex" classname="BasicNLPEngineTest" time="0.413"/>
  <testcase name="findNounsFindsUnaryMultipleAdjectives" classname="BasicNLPEngineTest" time="0.207"/>
  <testcase name="findNounsFindsTernaryDefiniteNouns" classname="BasicNLPEngineTest" time="0.407"/>
  <testcase name="parseNounWithDefiniteArticle" classname="BasicNLPEngineTest" time="0.411"/>
  <testcase name="parseVerbSimpleTwoWords" classname="BasicNLPEngineTest" time="0.407"/>
  <testcase name="findMatchingGameItemNamesNoSynonyms" classname="BasicNLPEngineTest" time="0.0"/>
  <testcase name="parseNounSimpleWithExtraStuffAfter" classname="BasicNLPEngineTest" time="0.383"/>
  <testcase name="whenNoMatchingGameVerbThrowFailedParseException" classname="BasicNLPEngineTest" time="0.206"/>
  <system-out><![CDATA[513802240
2147483648
]]></system-out>
  <system-err><![CDATA[]]></system-err>
</testsuite>
