<?xml version="1.0" encoding="UTF-8"?>
<testsuite name="BasicNLPEngineTest" tests="21" skipped="0" failures="0" errors="0" timestamp="2021-02-22T12:10:07" hostname="Noahs-MacBook-Pro.local" time="8.711">
  <properties/>
  <testcase name="findNounsFindsUnarySingleAdjective" classname="BasicNLPEngineTest" time="0.807"/>
  <testcase name="parseVerbSimpleWithExtraStuffAfter" classname="BasicNLPEngineTest" time="0.641"/>
  <testcase name="parseItOtherActionSucceeds" classname="BasicNLPEngineTest" time="0.522"/>
  <testcase name="parsePutSpaceNoun" classname="BasicNLPEngineTest" time="0.742"/>
  <testcase name="findNounsFindsTernarySingleAdjective" classname="BasicNLPEngineTest" time="0.435"/>
  <testcase name="findNounsFindsUnaryDefiniteNoun" classname="BasicNLPEngineTest" time="0.214"/>
  <testcase name="findVerbFindsUnaryEat" classname="BasicNLPEngineTest" time="0.208"/>
  <testcase name="findNounsFindsTernaryMultipleAdjectives" classname="BasicNLPEngineTest" time="0.423"/>
  <testcase name="findMatchingGameItemNamesFailsTooManyAdjectives" classname="BasicNLPEngineTest" time="0.003"/>
  <testcase name="findMatchingGameItemNamesFailsWrongNoun" classname="BasicNLPEngineTest" time="0.0"/>
  <testcase name="findNounsFindsUnaryNoun" classname="BasicNLPEngineTest" time="0.21"/>
  <testcase name="findNounsWithNoValidNounFails" classname="BasicNLPEngineTest" time="0.222"/>
  <testcase name="findNounsFindsTernaryNouns" classname="BasicNLPEngineTest" time="0.419"/>
  <testcase name="parseListenToRegex" classname="BasicNLPEngineTest" time="0.457"/>
  <testcase name="findNounsFindsUnaryMultipleAdjectives" classname="BasicNLPEngineTest" time="0.215"/>
  <testcase name="findNounsFindsTernaryDefiniteNouns" classname="BasicNLPEngineTest" time="0.401"/>
  <testcase name="parseNounWithDefiniteArticle" classname="BasicNLPEngineTest" time="0.398"/>
  <testcase name="parseVerbSimpleTwoWords" classname="BasicNLPEngineTest" time="0.863"/>
  <testcase name="findMatchingGameItemNamesNoSynonyms" classname="BasicNLPEngineTest" time="0.0"/>
  <testcase name="parseNounSimpleWithExtraStuffAfter" classname="BasicNLPEngineTest" time="1.133"/>
  <testcase name="whenNoMatchingGameVerbThrowFailedParseException" classname="BasicNLPEngineTest" time="0.393"/>
  <system-out><![CDATA[418381824
2147483648
]]></system-out>
  <system-err><![CDATA[]]></system-err>
</testsuite>
