<?xml version="1.0" encoding="UTF-8"?>
<testsuite name="EnhancedGameEngineTest" tests="37" skipped="0" failures="0" errors="0" timestamp="2021-01-20T12:45:27" hostname="Noahs-MacBook-Pro.local" time="0.156">
  <properties/>
  <testcase name="randomListProgressStoryTwoRoomsTwoActions" classname="EnhancedGameEngineTest" time="0.018"/>
  <testcase name="puttingThirdItemNoDesignTooBigInternalVolume" classname="EnhancedGameEngineTest" time="0.009"/>
  <testcase name="puttingSecondItemNoDesignAppleIsContained" classname="EnhancedGameEngineTest" time="0.006"/>
  <testcase name="puttingSecondItemNoDesignInternalVolume" classname="EnhancedGameEngineTest" time="0.006"/>
  <testcase name="validateConditionAfterProgressStory" classname="EnhancedGameEngineTest" time="0.002"/>
  <testcase name="putOnHeavyItem" classname="EnhancedGameEngineTest" time="0.005"/>
  <testcase name="puttingSecondItemNoDesignMessage" classname="EnhancedGameEngineTest" time="0.004"/>
  <testcase name="puttingThirdItemNoDesignTooBigContains" classname="EnhancedGameEngineTest" time="0.005"/>
  <testcase name="puttingThirdItemNoDesignTooBigMessage" classname="EnhancedGameEngineTest" time="0.006"/>
  <testcase name="takingHeavyItem" classname="EnhancedGameEngineTest" time="0.004"/>
  <testcase name="puttingNoDesignIsContained" classname="EnhancedGameEngineTest" time="0.003"/>
  <testcase name="puttingThirdItemNoDesignTooBigIsContained" classname="EnhancedGameEngineTest" time="0.004"/>
  <testcase name="puttingSecondItemNoDesignContains" classname="EnhancedGameEngineTest" time="0.003"/>
  <testcase name="takingLightItem" classname="EnhancedGameEngineTest" time="0.003"/>
  <testcase name="takingTwice" classname="EnhancedGameEngineTest" time="0.003"/>
  <testcase name="puttingNoDesignInternalVolume" classname="EnhancedGameEngineTest" time="0.002"/>
  <testcase name="messagesProgressStoryTwoRoomsTwoActions" classname="EnhancedGameEngineTest" time="0.003"/>
  <testcase name="puttingRemovingNoDesignCondition" classname="EnhancedGameEngineTest" time="0.005"/>
  <testcase name="pushingHeavyItem" classname="EnhancedGameEngineTest" time="0.004"/>
  <testcase name="numberListProgressStoryTwoRoomsTwoActions" classname="EnhancedGameEngineTest" time="0.004"/>
  <testcase name="pushingDesignedItem" classname="EnhancedGameEngineTest" time="0.006"/>
  <testcase name="pushingLightItem" classname="EnhancedGameEngineTest" time="0.004"/>
  <testcase name="puttingContainedItemNoDesignMessage" classname="EnhancedGameEngineTest" time="0.002"/>
  <testcase name="pullDesignedItem" classname="EnhancedGameEngineTest" time="0.004"/>
  <testcase name="messageAfterProgressStory" classname="EnhancedGameEngineTest" time="0.001"/>
  <testcase name="putInHeavyItem" classname="EnhancedGameEngineTest" time="0.004"/>
  <testcase name="pullHeavyItem" classname="EnhancedGameEngineTest" time="0.003"/>
  <testcase name="takingMovingRoomsDropping" classname="EnhancedGameEngineTest" time="0.003"/>
  <testcase name="possibleItemNamesWorks" classname="EnhancedGameEngineTest" time="0.001"/>
  <testcase name="droppingItemThatYouDontHaveFails" classname="EnhancedGameEngineTest" time="0.002"/>
  <testcase name="puttingNoDesignItemInContains" classname="EnhancedGameEngineTest" time="0.003"/>
  <testcase name="takingDesignedItem" classname="EnhancedGameEngineTest" time="0.002"/>
  <testcase name="pullLightItem" classname="EnhancedGameEngineTest" time="0.003"/>
  <testcase name="puttingRemovingNoDesignMessage" classname="EnhancedGameEngineTest" time="0.004"/>
  <testcase name="numActionsProgressStoryTwoRoomsTwoActions" classname="EnhancedGameEngineTest" time="0.003"/>
  <testcase name="removingNoDesignMessage" classname="EnhancedGameEngineTest" time="0.001"/>
  <testcase name="puttingNoDesignMessage" classname="EnhancedGameEngineTest" time="0.003"/>
  <system-out><![CDATA[]]></system-out>
  <system-err><![CDATA[]]></system-err>
</testsuite>
