<?xml version="1.0" encoding="UTF-8"?>
<testsuite name="BasicNLPEngineTest" tests="12" skipped="0" failures="0" errors="0" timestamp="2021-01-20T12:45:22" hostname="Noahs-MacBook-Pro.local" time="4.6">
  <properties/>
  <testcase name="parseVerbSimpleWithExtraStuffAfter" classname="BasicNLPEngineTest" time="0.805"/>
  <testcase name="findNounsFindsUnaryDefiniteNoun" classname="BasicNLPEngineTest" time="0.255"/>
  <testcase name="findVerbFindsUnaryEat" classname="BasicNLPEngineTest" time="0.275"/>
  <testcase name="findNounsFindsUnaryNoun" classname="BasicNLPEngineTest" time="0.261"/>
  <testcase name="parseNounWithSpace" classname="BasicNLPEngineTest" time="0.456"/>
  <testcase name="findNounsFindsUnarySpaceNoun" classname="BasicNLPEngineTest" time="0.214"/>
  <testcase name="findNounsFindsTernaryNouns" classname="BasicNLPEngineTest" time="0.401"/>
  <testcase name="findNounsFindsTernaryDefiniteNouns" classname="BasicNLPEngineTest" time="0.42"/>
  <testcase name="parseNounWithDefiniteArticle" classname="BasicNLPEngineTest" time="0.435"/>
  <testcase name="parseVerbSimpleTwoWords" classname="BasicNLPEngineTest" time="0.423"/>
  <testcase name="parseNounSimpleWithExtraStuffAfter" classname="BasicNLPEngineTest" time="0.432"/>
  <testcase name="whenNoMatchingGameVerbThrowFailedParseException" classname="BasicNLPEngineTest" time="0.221"/>
  <system-out><![CDATA[Setting it up!
]]></system-out>
  <system-err><![CDATA[]]></system-err>
</testsuite>
