<?xml version="1.0" encoding="UTF-8"?>
<testsuite name="BasicGameEditorTest" tests="4" skipped="0" failures="0" errors="0" timestamp="2021-02-22T09:10:51" hostname="Noahs-MacBook-Pro.local" time="2.267">
  <properties/>
  <testcase name="testValidMixedString" classname="BasicGameEditorTest" time="2.106"/>
  <testcase name="testNamesPlainString" classname="BasicGameEditorTest" time="0.064"/>
  <testcase name="testNamesMixedString" classname="BasicGameEditorTest" time="0.081"/>
  <testcase name="testAdjMixedString" classname="BasicGameEditorTest" time="0.014"/>
  <system-out><![CDATA[]]></system-out>
  <system-err><![CDATA[]]></system-err>
</testsuite>
